<?xml version="1.0" encoding="UTF-8"?>
<!-- Generated by org.testng.reporters.JUnitReportReporter -->
<testsuite hostname="LIN25004474" failures="0" tests="1" name="TestNGAnnotations" time="0.012" errors="0" timestamp="2024-11-12T13:41:27 IST" skipped="0">
  <testcase classname="TestNGAnnotations" name="m1" time="0.012"/>
</testsuite> <!-- TestNGAnnotations -->
